<?xml version="1.0" encoding="UTF-8"?>
<!-- Generated by org.testng.reporters.JUnitXMLReporter -->
<testsuite ignored="0" hostname="Lakhin" failures="1" tests="2" name="Test" time="144.003" errors="0" timestamp="2024-11-21T21:30:55 IST">
  <testcase classname="SelTest.homePage" name="GetWelcomeTitle" time="0.02">
    <failure type="java.lang.AssertionError" message="expected [Automation Exercised] but found [Automation Exercise]">
      <![CDATA[java.lang.AssertionError: expected [Automation Exercised] but found [Automation Exercise]
at SelTest.homePage.GetWelcomeTitle(homePage.java:25)
at java.base/java.util.ArrayList.forEach(ArrayList.java:1597)
... Removed 31 stack frames]]>
    </failure>
  </testcase> <!-- GetWelcomeTitle -->
  <testcase classname="SelTest.homePage" name="registerUser" time="2.548"/>
</testsuite> <!-- Test -->
