<?xml version="1.0" encoding="UTF-8"?>
<testng-results ignored="0" total="1" passed="1" failed="0" skipped="0">
  <reporter-output>
  </reporter-output>
  <suite started-at="2024-11-21T20:01:25 IST" name="Selenium" finished-at="2024-11-21T20:03:52 IST" duration-ms="146181">
    <groups>
    </groups>
    <test started-at="2024-11-21T20:01:25 IST" name="Test" finished-at="2024-11-21T20:03:52 IST" duration-ms="146181">
      <class name="SelTest.homePage">
        <test-method is-config="true" signature="setup()[pri:0, instance:SelTest.homePage@4fbda97b]" started-at="2024-11-21T20:01:25 IST" name="setup" finished-at="2024-11-21T20:03:51 IST" duration-ms="146015" status="PASS">
          <reporter-output>
          </reporter-output>
        </test-method> <!-- setup -->
        <test-method signature="GetWelcomeTitle()[pri:1, instance:SelTest.homePage@4fbda97b]" started-at="2024-11-21T20:03:51 IST" name="GetWelcomeTitle" finished-at="2024-11-21T20:03:51 IST" duration-ms="19" status="PASS">
          <reporter-output>
          </reporter-output>
        </test-method> <!-- GetWelcomeTitle -->
        <test-method is-config="true" signature="tearDown()[pri:0, instance:SelTest.homePage@4fbda97b]" started-at="2024-11-21T20:03:51 IST" name="tearDown" finished-at="2024-11-21T20:03:52 IST" duration-ms="100" status="PASS">
          <reporter-output>
          </reporter-output>
        </test-method> <!-- tearDown -->
      </class> <!-- SelTest.homePage -->
    </test> <!-- Test -->
  </suite> <!-- Selenium -->
</testng-results>
