<?xml version="1.0" encoding="UTF-8"?>
<testng-results ignored="0" total="1" passed="1" failed="0" skipped="0">
  <reporter-output>
  </reporter-output>
  <suite started-at="2024-10-26T23:18:10 IST" name="Runner" finished-at="2024-10-26T23:18:15 IST" duration-ms="5110">
    <groups>
    </groups>
    <test started-at="2024-10-26T23:18:10 IST" name="Test" finished-at="2024-10-26T23:18:15 IST" duration-ms="5110">
      <class name="Test.GetReq">
        <test-method is-config="true" signature="spec()[pri:0, instance:Test.GetReq@ae13544]" started-at="2024-10-26T23:18:10 IST" name="spec" finished-at="2024-10-26T23:18:11 IST" duration-ms="709" status="PASS">
          <reporter-output>
          </reporter-output>
        </test-method> <!-- spec -->
        <test-method signature="get()[pri:0, instance:Test.GetReq@ae13544]" started-at="2024-10-26T23:18:11 IST" name="get" finished-at="2024-10-26T23:18:15 IST" duration-ms="4337" status="PASS">
          <reporter-output>
          </reporter-output>
        </test-method> <!-- get -->
      </class> <!-- Test.GetReq -->
    </test> <!-- Test -->
  </suite> <!-- Runner -->
</testng-results>
